Arguments: 
  /usr/local/Cellar/node/16.9.1/bin/node /usr/local/Cellar/yarn/1.22.11/libexec/bin/yarn.js add https://github.com/bats-core/bats-support -D

PATH: 
  /Users/marshallmamiya/projects/terraform-modules/terraform-aws-infrastructure-live-ci/tests/unit/buildspec-scripts/deps/bin:/usr/local/Caskroom/miniconda/base/envs/py39/bin:/usr/local/Caskroom/miniconda/base/condabin:/usr/local/opt/grep/libexec/gnubin:/usr/local/opt/gnu-getopt/bin:/usr/local/bin:/usr/bin:/bin:/usr/sbin:/sbin:/usr/local/lib/python3.8/site-packages:/usr/local/lib/python3.9/site-packages:/Users/marshallmamiya/go/bin:/usr/local/opt/go/libexec/bin:/usr/local/Cellar/tfenv:/usr/local/bin/semtag

Yarn version: 
  1.22.11

Node version: 
  16.9.1

Platform: 
  darwin x64

Trace: 
  SyntaxError: /Users/marshallmamiya/projects/terraform-modules/terraform-aws-infrastructure-live-ci/package.json: Unexpected token } in JSON at position 909
      at JSON.parse (<anonymous>)
      at /usr/local/Cellar/yarn/1.22.11/libexec/lib/cli.js:1625:59
      at Generator.next (<anonymous>)
      at step (/usr/local/Cellar/yarn/1.22.11/libexec/lib/cli.js:310:30)
      at /usr/local/Cellar/yarn/1.22.11/libexec/lib/cli.js:321:13

npm manifest: 
  {
    "name": "terraform-aws-infrastructure-live-ci-bash-scripts",
    "version": "0.0.1",
    "description": "Bash functions and scripts used to orchestrate AWS Step Function runs for IAC deployment flows",
    "homepage": "https://github.com/marshall7m/terraform-aws-infrastructure-live-ci",
    "author": "Marshall Mamiya",
    "repository": "github:marshall7m/terraform-aws-infrastructure-live-ci",
    "directories": {
      "lib": "files/buildspec-scripts",
      "test": "tests/unit/buildspec-scripts"
    },
    "files": [
      "files/buildspec-scripts"
    ],
    "dependencies": {
      "bash-utils": "https://github.com/marshall7m/bash-utils",
      "bats-utils": "https://github.com/marshall7m/bats-utils"
    },
    "devDependencies": {
      "bats-assert": "https://github.com/bats-core/bats-assert"
    },
    "keywords": [
      "bats",
      "bash",
      "shell",
      "tests",
      "unit",
      "assert",
      "assertion",
      "helper"
    ],
  }

yarn manifest: 
  No manifest

Lockfile: 
  # THIS IS AN AUTOGENERATED FILE. DO NOT EDIT THIS FILE DIRECTLY.
  # yarn lockfile v1
  
  
  "bash-utils@https://github.com/marshall7m/bash-utils":
    version "0.0.1"
    resolved "https://github.com/marshall7m/bash-utils#d2cc8aae7a6aed3a2c0cd0c869193f5f50c709b8"
  
  "bats-assert@https://github.com/bats-core/bats-assert":
    version "2.0.0"
    resolved "https://github.com/bats-core/bats-assert#672ad1823a4d2f0c475fdbec0c4497498eec5f41"
  
  "bats-utils@https://github.com/marshall7m/bats-utils":
    version "0.0.1"
    resolved "https://github.com/marshall7m/bats-utils#47457e1666891d8456b97c23a3cee55bebc704af"
